<?xml version="1.0" encoding="UTF-8"?>
<testsuite xmlns:xsi="http://www.w3.org/2001/XMLSchema-instance" xsi:noNamespaceSchemaLocation="https://maven.apache.org/surefire/maven-surefire-plugin/xsd/surefire-test-report.xsd" version="3.0.2" name="com.intelizign.career.JobControllerTest" time="2.287" tests="16" errors="0" skipped="0" failures="0">
  <properties>
[...]
</properties>
  <testcase name="testCreateJobRecruiterNotFound" classname="com.intelizign.career.JobControllerTest" time="2.049">
    <system-out><![CDATA[11:22:23.297 [main] ERROR com.intelizign.career.controller.JobController -- Error creating job: Recruiter not found
]]></system-out>
    <system-err><![CDATA[Mockito is currently self-attaching to enable the inline-mock-maker. This will no longer work in future releases of the JDK. Please add Mockito as an agent to your build what is described in Mockito's documentation: https://javadoc.io/doc/org.mockito/mockito-core/latest/org/mockito/Mockito.html#0.3
WARNING: A Java agent has been loaded dynamically (C:\Windows\system32\config\systemprofile\.m2\repository\net\bytebuddy\byte-buddy-agent\1.15.11\byte-buddy-agent-1.15.11.jar)
WARNING: If a serviceability tool is in use, please run with -XX:+EnableDynamicAgentLoading to hide this warning
WARNING: If a serviceability tool is not in use, please run with -Djdk.instrument.traceUsage for more information
WARNING: Dynamic loading of agents will be disallowed by default in a future release
]]></system-err>
  </testcase>
  <testcase name="testDeleteJobSuccess" classname="com.intelizign.career.JobControllerTest" time="0.026"/>
  <testcase name="testUpdateJobSuccess" classname="com.intelizign.career.JobControllerTest" time="0.025"/>
  <testcase name="testGetAllJobsException" classname="com.intelizign.career.JobControllerTest" time="0.01">
    <system-out><![CDATA[11:22:23.391 [main] ERROR com.intelizign.career.controller.JobController -- Error getting retrieved jobs by recruiterid: DB failure
]]></system-out>
  </testcase>
  <testcase name="testDeleteJobGeneralException" classname="com.intelizign.career.JobControllerTest" time="0.01"/>
  <testcase name="testDeleteJobDataIntegrityViolation" classname="com.intelizign.career.JobControllerTest" time="0.014"/>
  <testcase name="testCreateJobGeneralException" classname="com.intelizign.career.JobControllerTest" time="0.007"/>
  <testcase name="testGetJobByIdSuccess" classname="com.intelizign.career.JobControllerTest" time="0.005"/>
  <testcase name="testGetJobsByRecruiterException" classname="com.intelizign.career.JobControllerTest" time="0.005">
    <system-out><![CDATA[11:22:23.442 [main] ERROR com.intelizign.career.controller.JobController -- Error getting retrieved jobs by recruiterid: DB failure
]]></system-out>
  </testcase>
  <testcase name="testCreateJobAlreadyExistsInLocation" classname="com.intelizign.career.JobControllerTest" time="0.01"/>
  <testcase name="testGetAllJobsSuccess" classname="com.intelizign.career.JobControllerTest" time="0.011"/>
  <testcase name="testGetJobByIdNotFound" classname="com.intelizign.career.JobControllerTest" time="0.008">
    <system-out><![CDATA[11:22:23.473 [main] ERROR com.intelizign.career.controller.JobController -- Error getting retrieved jobs by id: No value present
]]></system-out>
  </testcase>
  <testcase name="testCreateJobSuccess" classname="com.intelizign.career.JobControllerTest" time="0.026">
    <system-out><![CDATA[11:22:23.487 [main] INFO com.intelizign.career.controller.JobController -- Job Data: Job [id=null, jobTitle=Software Engineer, jobDescription=Develop software, jobRole=Developer, industryType=IT, department=Engineering, employmentType=Full-time, roleCategory=IT, jobExperience=3 years, education=Bachelor, shortDescription=Software development role, location=[Location(id=1, location=New York, jobs=null)], keySkills=[KeySkill(id=1, skill=Java, jobs=null)], jobPostedBy=John, recruiterEmail=recruiter@example.com, recruiterMobile=1234567890, active=true, recruiter=com.intelizign.career.model.Recruiter@23382f76, applicants=null]
]]></system-out>
  </testcase>
  <testcase name="testDeleteJobNullId" classname="com.intelizign.career.JobControllerTest" time="0.005"/>
  <testcase name="testUpdateJobException" classname="com.intelizign.career.JobControllerTest" time="0.012">
    <system-out><![CDATA[11:22:23.520 [main] ERROR com.intelizign.career.controller.JobController -- Job updation failed
]]></system-out>
  </testcase>
  <testcase name="testGetJobsByRecruiterSuccess" classname="com.intelizign.career.JobControllerTest" time="0.006"/>
</testsuite>