<?xml version="1.0" encoding="UTF-8"?>
<testsuite xmlns:xsi="http://www.w3.org/2001/XMLSchema-instance" xsi:noNamespaceSchemaLocation="https://maven.apache.org/surefire/maven-surefire-plugin/xsd/surefire-test-report.xsd" version="3.0.2" name="com.intelizign.career.JobControllerTest" time="1.891" tests="16" errors="0" skipped="0" failures="0">
  <properties>
[...]
</properties>
  <testcase name="testCreateJobRecruiterNotFound" classname="com.intelizign.career.JobControllerTest" time="1.675">
    <system-out><![CDATA[18:52:51.150 [main] ERROR com.intelizign.career.controller.JobController -- Error creating job: Recruiter not found
]]></system-out>
  </testcase>
  <testcase name="testDeleteJobSuccess" classname="com.intelizign.career.JobControllerTest" time="0.028"/>
  <testcase name="testUpdateJobSuccess" classname="com.intelizign.career.JobControllerTest" time="0.029"/>
  <testcase name="testGetAllJobsException" classname="com.intelizign.career.JobControllerTest" time="0.012">
    <system-out><![CDATA[18:52:51.253 [main] ERROR com.intelizign.career.controller.JobController -- Error getting retrieved jobs by recruiterid: DB failure
]]></system-out>
  </testcase>
  <testcase name="testDeleteJobGeneralException" classname="com.intelizign.career.JobControllerTest" time="0.006"/>
  <testcase name="testDeleteJobDataIntegrityViolation" classname="com.intelizign.career.JobControllerTest" time="0.008"/>
  <testcase name="testCreateJobGeneralException" classname="com.intelizign.career.JobControllerTest" time="0.005"/>
  <testcase name="testGetJobByIdSuccess" classname="com.intelizign.career.JobControllerTest" time="0.006"/>
  <testcase name="testGetJobsByRecruiterException" classname="com.intelizign.career.JobControllerTest" time="0.006">
    <system-out><![CDATA[18:52:51.291 [main] ERROR com.intelizign.career.controller.JobController -- Error getting retrieved jobs by recruiterid: DB failure
]]></system-out>
  </testcase>
  <testcase name="testCreateJobAlreadyExistsInLocation" classname="com.intelizign.career.JobControllerTest" time="0.006"/>
  <testcase name="testGetAllJobsSuccess" classname="com.intelizign.career.JobControllerTest" time="0.015"/>
  <testcase name="testGetJobByIdNotFound" classname="com.intelizign.career.JobControllerTest" time="0.005">
    <system-out><![CDATA[18:52:51.321 [main] ERROR com.intelizign.career.controller.JobController -- Error getting retrieved jobs by id: No value present
]]></system-out>
  </testcase>
  <testcase name="testCreateJobSuccess" classname="com.intelizign.career.JobControllerTest" time="0.016">
    <system-out><![CDATA[18:52:51.329 [main] INFO com.intelizign.career.controller.JobController -- Job Data: Job [id=null, jobTitle=Software Engineer, jobDescription=Develop software, jobRole=Developer, industryType=IT, department=Engineering, employmentType=Full-time, roleCategory=IT, jobExperience=3 years, education=Bachelor, shortDescription=Software development role, location=[Location(id=1, location=New York, jobs=null)], keySkills=[KeySkill(id=1, skill=Java, jobs=null)], jobPostedBy=John, recruiterEmail=recruiter@example.com, recruiterMobile=1234567890, active=true, recruiter=com.intelizign.career.model.Recruiter@4da9f723, applicants=null]
]]></system-out>
  </testcase>
  <testcase name="testDeleteJobNullId" classname="com.intelizign.career.JobControllerTest" time="0.006"/>
  <testcase name="testUpdateJobException" classname="com.intelizign.career.JobControllerTest" time="0.005">
    <system-out><![CDATA[18:52:51.351 [main] ERROR com.intelizign.career.controller.JobController -- Job updation failed
]]></system-out>
  </testcase>
  <testcase name="testGetJobsByRecruiterSuccess" classname="com.intelizign.career.JobControllerTest" time="0.008"/>
</testsuite>